Using pre-set license
Built from '2020.3/staging' branch; Version is '2020.3.33f1 (915a7af8b0d5) revision 9525882'; Using compiler version '192528614'; Build Type 'Release'
OS: 'Windows 11  (10.0.22621) 64bit CoreSingleLanguage' Language: 'en' Physical Memory: 15792 MB
BatchMode: 1, IsHumanControllingUs: 0, StartBugReporterOnCrash: 0, Is64bit: 1, IsPro: 0

COMMAND LINE ARGUMENTS:
C:\Program Files\Unity\Hub\Editor\2020.3.33f1\Editor\Unity.exe
-adb2
-batchMode
-noUpm
-name
AssetImportWorker1
-projectPath
D:/Outscal/OUTSCAL MAIN/Unity and C# Coding and GIT - Outscal/Battle_Tank_Game
-logFile
Logs/AssetImportWorker1.log
-srvPort
55440
Successfully changed project path to: D:/Outscal/OUTSCAL MAIN/Unity and C# Coding and GIT - Outscal/Battle_Tank_Game
D:/Outscal/OUTSCAL MAIN/Unity and C# Coding and GIT - Outscal/Battle_Tank_Game
Using Asset Import Pipeline V2.
Refreshing native plugins compatible for Editor in 42.62 ms, found 2 plugins.
Preloading 0 native plugins for Editor in 0.00 ms.
Initialize engine version: 2020.3.33f1 (915a7af8b0d5)
[Subsystems] Discovering subsystems at path C:/Program Files/Unity/Hub/Editor/2020.3.33f1/Editor/Data/Resources/UnitySubsystems
[Subsystems] Discovering subsystems at path D:/Outscal/OUTSCAL MAIN/Unity and C# Coding and GIT - Outscal/Battle_Tank_Game/Assets
GfxDevice: creating device client; threaded=0
Direct3D:
    Version:  Direct3D 11.0 [level 11.1]
    Renderer: NVIDIA GeForce RTX 3060 Laptop GPU (ID=0x2520)
    Vendor:   
    VRAM:     6023 MB
    Driver:   31.0.15.1659
Initialize mono
Mono path[0] = 'C:/Program Files/Unity/Hub/Editor/2020.3.33f1/Editor/Data/Managed'
Mono path[1] = 'C:/Program Files/Unity/Hub/Editor/2020.3.33f1/Editor/Data/MonoBleedingEdge/lib/mono/unityjit'
Mono config path = 'C:/Program Files/Unity/Hub/Editor/2020.3.33f1/Editor/Data/MonoBleedingEdge/etc'
Using monoOptions --debugger-agent=transport=dt_socket,embedding=1,server=y,suspend=n,address=127.0.0.1:56776
Begin MonoManager ReloadAssembly
Registering precompiled unity dll's ...
Register platform support module: C:/Program Files/Unity/Hub/Editor/2020.3.33f1/Editor/Data/PlaybackEngines/WebGLSupport/UnityEditor.WebGL.Extensions.dll
Register platform support module: C:/Program Files/Unity/Hub/Editor/2020.3.33f1/Editor/Data/PlaybackEngines/WindowsStandaloneSupport/UnityEditor.WindowsStandalone.Extensions.dll
Registered in 0.001543 seconds.
Native extension for WindowsStandalone target not found
Native extension for WebGL target not found
Refreshing native plugins compatible for Editor in 48.50 ms, found 2 plugins.
Preloading 0 native plugins for Editor in 0.00 ms.
Mono: successfully reloaded assembly
- Completed reload, in  0.490 seconds
Domain Reload Profiling:
	ReloadAssembly (490ms)
		BeginReloadAssembly (47ms)
			ExecutionOrderSort (0ms)
			DisableScriptedObjects (0ms)
			BackupInstance (0ms)
			ReleaseScriptingObjects (0ms)
			CreateAndSetChildDomain (1ms)
		EndReloadAssembly (387ms)
			LoadAssemblies (46ms)
			RebuildTransferFunctionScriptingTraits (0ms)
			SetupTypeCache (112ms)
			ReleaseScriptCaches (0ms)
			RebuildScriptCaches (23ms)
			SetupLoadedEditorAssemblies (161ms)
				LogAssemblyErrors (0ms)
				InitializePlatformSupportModulesInManaged (4ms)
				SetLoadedEditorAssemblies (0ms)
				RefreshPlugins (49ms)
				BeforeProcessingInitializeOnLoad (12ms)
				ProcessInitializeOnLoadAttributes (67ms)
				ProcessInitializeOnLoadMethodAttributes (29ms)
				AfterProcessingInitializeOnLoad (0ms)
				EditorAssembliesLoaded (0ms)
			ExecutionOrderSort2 (0ms)
			AwakeInstancesAfterBackupRestoration (0ms)
Platform modules already initialized, skipping
Registering precompiled user dll's ...
Registered in 0.002651 seconds.
Begin MonoManager ReloadAssembly
Symbol file LoadedFromMemory doesn't match image D:\Outscal\OUTSCAL MAIN\Unity and C# Coding and GIT - Outscal\Battle_Tank_Game\Library\PackageCache\com.unity.collab-proxy@1.15.15\Lib\Editor\PlasticSCM\unityplastic.dll
Native extension for WindowsStandalone target not found
Native extension for WebGL target not found
Refreshing native plugins compatible for Editor in 0.76 ms, found 2 plugins.
Preloading 0 native plugins for Editor in 0.00 ms.
Mono: successfully reloaded assembly
- Completed reload, in  0.859 seconds
Domain Reload Profiling:
	ReloadAssembly (860ms)
		BeginReloadAssembly (112ms)
			ExecutionOrderSort (0ms)
			DisableScriptedObjects (4ms)
			BackupInstance (0ms)
			ReleaseScriptingObjects (0ms)
			CreateAndSetChildDomain (18ms)
		EndReloadAssembly (702ms)
			LoadAssemblies (71ms)
			RebuildTransferFunctionScriptingTraits (0ms)
			SetupTypeCache (221ms)
			ReleaseScriptCaches (0ms)
			RebuildScriptCaches (35ms)
			SetupLoadedEditorAssemblies (310ms)
				LogAssemblyErrors (0ms)
				InitializePlatformSupportModulesInManaged (5ms)
				SetLoadedEditorAssemblies (0ms)
				RefreshPlugins (1ms)
				BeforeProcessingInitializeOnLoad (81ms)
				ProcessInitializeOnLoadAttributes (162ms)
				ProcessInitializeOnLoadMethodAttributes (57ms)
				AfterProcessingInitializeOnLoad (4ms)
				EditorAssembliesLoaded (0ms)
			ExecutionOrderSort2 (0ms)
			AwakeInstancesAfterBackupRestoration (5ms)
Platform modules already initialized, skipping
========================================================================
Worker process is ready to serve import requests
Launched and connected shader compiler UnityShaderCompiler.exe after 0.06 seconds
Refreshing native plugins compatible for Editor in 0.81 ms, found 2 plugins.
Preloading 0 native plugins for Editor in 0.00 ms.
Unloading 2294 Unused Serialized files (Serialized files now loaded: 0)
System memory in use before: 97.3 MB.
System memory in use after: 97.5 MB.

Unloading 55 unused Assets to reduce memory usage. Loaded Objects now: 2705.
Total: 5.336900 ms (FindLiveObjects: 0.187500 ms CreateObjectMapping: 0.055400 ms MarkObjects: 4.988000 ms  DeleteObjects: 0.104300 ms)

AssetImportParameters requested are different than current active one (requested -> active):
  custom:framework-win-MediaFoundation: 216162199b28c13a410421893ffa2e32 -> 
  custom:video-decoder-ogg-theora: a1e56fd34408186e4bbccfd4996cb3dc -> 
  custom:container-muxer-webm: aa71ff27fc2769a1b78a27578f13a17b -> 
  custom:container-demuxer-webm: 4f35f7cbe854078d1ac9338744f61a02 -> 
  custom:container-demuxer-ogg: 62fdf1f143b41e24485cea50d1cbac27 -> 
  custom:video-encoder-webm-vp8: eb34c28f22e8b96e1ab97ce403110664 -> 
  custom:video-codec-MediaFoundation-h265: 746d11721c4dcdbdad8f713fa42b33f4 -> 
  custom:video-decoder-webm-vp8: 9c59270c3fd7afecdb556c50c9e8de78 -> 
  custom:audio-decoder-ogg-vorbis: bf7c407c2cedff20999df2af8eb42d56 -> 
  custom:audio-encoder-webm-vorbis: bf7c407c2cedff20999df2af8eb42d56 -> 
========================================================================
Received Import Request.
  path: Assets/Scripts/Enemy Tank/Enemy States/EnemyTankBaseState.cs
  artifactKey: Guid(d1d583453a89c31458abb95431c41559) Importer(815301076,1909f56bfc062723c751e8b465ee728b)
Start importing Assets/Scripts/Enemy Tank/Enemy States/EnemyTankBaseState.cs using Guid(d1d583453a89c31458abb95431c41559) Importer(815301076,1909f56bfc062723c751e8b465ee728b)  -> (artifact id: 'cff16e49bbdcb8b34bb63dba7c1de97f') in 0.056998 seconds 
========================================================================
Received Import Request.
  Time since last request: 24.219257 seconds.
  path: Assets/Scripts/Enemy Tank/Enemy States/EnemyTankBaseState.cs
  artifactKey: Guid(d1d583453a89c31458abb95431c41559) Importer(815301076,1909f56bfc062723c751e8b465ee728b)
Start importing Assets/Scripts/Enemy Tank/Enemy States/EnemyTankBaseState.cs using Guid(d1d583453a89c31458abb95431c41559) Importer(815301076,1909f56bfc062723c751e8b465ee728b)  -> (artifact id: 'de005d16e35b5dc13c57a3fce56088ea') in 0.002295 seconds 
========================================================================
Received Import Request.
  Time since last request: 8.819798 seconds.
  path: Assets/Scripts/Enemy Tank/Enemy States/EnemyTankBaseState.cs
  artifactKey: Guid(d1d583453a89c31458abb95431c41559) Importer(815301076,1909f56bfc062723c751e8b465ee728b)
Start importing Assets/Scripts/Enemy Tank/Enemy States/EnemyTankBaseState.cs using Guid(d1d583453a89c31458abb95431c41559) Importer(815301076,1909f56bfc062723c751e8b465ee728b)  -> (artifact id: '4682b41279e3385c684de5a1f5eba2c0') in 0.002438 seconds 
========================================================================
Received Import Request.
  Time since last request: 55.258741 seconds.
  path: Assets/Scripts/Enemy Tank/Enemy States/EnemyTankBaseState.cs
  artifactKey: Guid(d1d583453a89c31458abb95431c41559) Importer(815301076,1909f56bfc062723c751e8b465ee728b)
Start importing Assets/Scripts/Enemy Tank/Enemy States/EnemyTankBaseState.cs using Guid(d1d583453a89c31458abb95431c41559) Importer(815301076,1909f56bfc062723c751e8b465ee728b)  -> (artifact id: '548c06e253dad2c9b55d8ca982df84ec') in 0.002563 seconds 
========================================================================
Received Import Request.
  Time since last request: 1705.175564 seconds.
  path: Assets/Prefabs/Enemy Tank.prefab
  artifactKey: Guid(e662fcb8a6a10954cad654d1848784cb) Importer(815301076,1909f56bfc062723c751e8b465ee728b)
Start importing Assets/Prefabs/Enemy Tank.prefab using Guid(e662fcb8a6a10954cad654d1848784cb) Importer(815301076,1909f56bfc062723c751e8b465ee728b)  -> (artifact id: '7e2e90d3328f50afb2a1baa7f9a5003c') in 0.110754 seconds 
========================================================================
Received Import Request.
  Time since last request: 11.649387 seconds.
  path: Assets/Prefabs/Enemy Tank.prefab
  artifactKey: Guid(e662fcb8a6a10954cad654d1848784cb) Importer(815301076,1909f56bfc062723c751e8b465ee728b)
Start importing Assets/Prefabs/Enemy Tank.prefab using Guid(e662fcb8a6a10954cad654d1848784cb) Importer(815301076,1909f56bfc062723c751e8b465ee728b)  -> (artifact id: 'b4599b67ba897d52fe3f730048181c67') in 0.016686 seconds 
========================================================================
Received Import Request.
  Time since last request: 7.050557 seconds.
  path: Assets/Prefabs/Enemy Tank.prefab
  artifactKey: Guid(e662fcb8a6a10954cad654d1848784cb) Importer(815301076,1909f56bfc062723c751e8b465ee728b)
Start importing Assets/Prefabs/Enemy Tank.prefab using Guid(e662fcb8a6a10954cad654d1848784cb) Importer(815301076,1909f56bfc062723c751e8b465ee728b)  -> (artifact id: 'fa030026c67c7c0474534286a87bb4d1') in 0.017981 seconds 
========================================================================
Received Import Request.
  Time since last request: 6.779122 seconds.
  path: Assets/Prefabs/Enemy Tank.prefab
  artifactKey: Guid(e662fcb8a6a10954cad654d1848784cb) Importer(815301076,1909f56bfc062723c751e8b465ee728b)
Start importing Assets/Prefabs/Enemy Tank.prefab using Guid(e662fcb8a6a10954cad654d1848784cb) Importer(815301076,1909f56bfc062723c751e8b465ee728b)  -> (artifact id: '3631dd02241e48dfe4893c676b000ac5') in 0.014907 seconds 
========================================================================
Received Import Request.
  Time since last request: 5.791580 seconds.
  path: Assets/Prefabs/Enemy Tank.prefab
  artifactKey: Guid(e662fcb8a6a10954cad654d1848784cb) Importer(815301076,1909f56bfc062723c751e8b465ee728b)
Start importing Assets/Prefabs/Enemy Tank.prefab using Guid(e662fcb8a6a10954cad654d1848784cb) Importer(815301076,1909f56bfc062723c751e8b465ee728b)  -> (artifact id: 'f5ad6d3ffc5a14a7b51ae8fc8523a2dd') in 0.015939 seconds 
========================================================================
Received Import Request.
  Time since last request: 4.898488 seconds.
  path: Assets/Prefabs/Enemy Tank.prefab
  artifactKey: Guid(e662fcb8a6a10954cad654d1848784cb) Importer(815301076,1909f56bfc062723c751e8b465ee728b)
Start importing Assets/Prefabs/Enemy Tank.prefab using Guid(e662fcb8a6a10954cad654d1848784cb) Importer(815301076,1909f56bfc062723c751e8b465ee728b)  -> (artifact id: '70dc6d71e820400de3631c501756b309') in 0.015188 seconds 
========================================================================
Received Import Request.
  Time since last request: 4.403041 seconds.
  path: Assets/Prefabs/Enemy Tank.prefab
  artifactKey: Guid(e662fcb8a6a10954cad654d1848784cb) Importer(815301076,1909f56bfc062723c751e8b465ee728b)
Start importing Assets/Prefabs/Enemy Tank.prefab using Guid(e662fcb8a6a10954cad654d1848784cb) Importer(815301076,1909f56bfc062723c751e8b465ee728b)  -> (artifact id: 'bfdd21c7c54a344cffb36f396535a56b') in 0.015215 seconds 
========================================================================
Received Import Request.
  Time since last request: 7.837591 seconds.
  path: Assets/Prefabs/Enemy Tank.prefab
  artifactKey: Guid(e662fcb8a6a10954cad654d1848784cb) Importer(815301076,1909f56bfc062723c751e8b465ee728b)
Start importing Assets/Prefabs/Enemy Tank.prefab using Guid(e662fcb8a6a10954cad654d1848784cb) Importer(815301076,1909f56bfc062723c751e8b465ee728b)  -> (artifact id: 'f5d8a8c9ee0da5be9985ea674e204e63') in 0.015655 seconds 
========================================================================
Received Import Request.
  Time since last request: 20.478599 seconds.
  path: ProjectSettings/TagManager.asset
  artifactKey: Guid(00000000000000003000000000000000) Importer(815301076,1909f56bfc062723c751e8b465ee728b)
Start importing ProjectSettings/TagManager.asset using Guid(00000000000000003000000000000000) Importer(815301076,1909f56bfc062723c751e8b465ee728b)  -> (artifact id: 'ea166167e696a312c1d447563ec4fcaa') in 0.007121 seconds 
========================================================================
Received Import Request.
  Time since last request: 12.013862 seconds.
  path: Assets/Prefabs/Enemy Tank.prefab
  artifactKey: Guid(e662fcb8a6a10954cad654d1848784cb) Importer(815301076,1909f56bfc062723c751e8b465ee728b)
Start importing Assets/Prefabs/Enemy Tank.prefab using Guid(e662fcb8a6a10954cad654d1848784cb) Importer(815301076,1909f56bfc062723c751e8b465ee728b)  -> (artifact id: '34f5253adbaaefc5405d07fcefe36a0c') in 0.015789 seconds 
========================================================================
Received Import Request.
  Time since last request: 2.909429 seconds.
  path: Assets/Prefabs/Enemy Tank.prefab
  artifactKey: Guid(e662fcb8a6a10954cad654d1848784cb) Importer(815301076,1909f56bfc062723c751e8b465ee728b)
Start importing Assets/Prefabs/Enemy Tank.prefab using Guid(e662fcb8a6a10954cad654d1848784cb) Importer(815301076,1909f56bfc062723c751e8b465ee728b)  -> (artifact id: 'f7d5ab8ae83ce07b9bee199979e2c31d') in 0.017535 seconds 
========================================================================
Received Import Request.
  Time since last request: 3.088817 seconds.
  path: Assets/Prefabs/Enemy Tank.prefab
  artifactKey: Guid(e662fcb8a6a10954cad654d1848784cb) Importer(815301076,1909f56bfc062723c751e8b465ee728b)
Start importing Assets/Prefabs/Enemy Tank.prefab using Guid(e662fcb8a6a10954cad654d1848784cb) Importer(815301076,1909f56bfc062723c751e8b465ee728b)  -> (artifact id: '0960967e554376ddeda05af9f774d98c') in 0.014932 seconds 
========================================================================
Received Import Request.
  Time since last request: 7920.525353 seconds.
  path: Assets/Scripts/Enemy Tank/Enemy States/Idle.cs
  artifactKey: Guid(58e63027c299d754f86c8c69bde7252e) Importer(815301076,1909f56bfc062723c751e8b465ee728b)
Start importing Assets/Scripts/Enemy Tank/Enemy States/Idle.cs using Guid(58e63027c299d754f86c8c69bde7252e) Importer(815301076,1909f56bfc062723c751e8b465ee728b)  -> (artifact id: '65f61194532a520ac20593ecc3da4e29') in 0.014248 seconds 
========================================================================
Received Prepare
Registering precompiled user dll's ...
Registered in 0.003886 seconds.
Begin MonoManager ReloadAssembly
Symbol file LoadedFromMemory doesn't match image D:\Outscal\OUTSCAL MAIN\Unity and C# Coding and GIT - Outscal\Battle_Tank_Game\Library\PackageCache\com.unity.collab-proxy@1.15.15\Lib\Editor\PlasticSCM\unityplastic.dll
Native extension for WindowsStandalone target not found
Native extension for WebGL target not found
Refreshing native plugins compatible for Editor in 0.78 ms, found 2 plugins.
Preloading 0 native plugins for Editor in 0.00 ms.
Mono: successfully reloaded assembly
- Completed reload, in  1.107 seconds
Domain Reload Profiling:
	ReloadAssembly (1110ms)
		BeginReloadAssembly (342ms)
			ExecutionOrderSort (0ms)
			DisableScriptedObjects (44ms)
			BackupInstance (0ms)
			ReleaseScriptingObjects (0ms)
			CreateAndSetChildDomain (149ms)
		EndReloadAssembly (717ms)
			LoadAssemblies (110ms)
			RebuildTransferFunctionScriptingTraits (0ms)
			SetupTypeCache (224ms)
			ReleaseScriptCaches (1ms)
			RebuildScriptCaches (33ms)
			SetupLoadedEditorAssemblies (302ms)
				LogAssemblyErrors (0ms)
				InitializePlatformSupportModulesInManaged (6ms)
				SetLoadedEditorAssemblies (1ms)
				RefreshPlugins (1ms)
				BeforeProcessingInitializeOnLoad (67ms)
				ProcessInitializeOnLoadAttributes (166ms)
				ProcessInitializeOnLoadMethodAttributes (57ms)
				AfterProcessingInitializeOnLoad (4ms)
				EditorAssembliesLoaded (0ms)
			ExecutionOrderSort2 (0ms)
			AwakeInstancesAfterBackupRestoration (7ms)
Platform modules already initialized, skipping
Switching build target platform(19) subTarget(0) extendedPlatform(0) -> platform(13) subTarget(589824) extendedPlatform(0)
Refreshing native plugins compatible for Editor in 0.81 ms, found 2 plugins.
Preloading 0 native plugins for Editor in 0.00 ms.
Unloading 2257 Unused Serialized files (Serialized files now loaded: 0)
System memory in use before: 96.6 MB.
System memory in use after: 96.9 MB.

Unloading 48 unused Assets to reduce memory usage. Loaded Objects now: 2715.
Total: 5.622500 ms (FindLiveObjects: 0.284500 ms CreateObjectMapping: 0.219500 ms MarkObjects: 5.080700 ms  DeleteObjects: 0.036700 ms)

AssetImportParameters requested are different than current active one (requested -> active):
  custom:framework-win-MediaFoundation: 216162199b28c13a410421893ffa2e32 -> 
  custom:video-decoder-ogg-theora: a1e56fd34408186e4bbccfd4996cb3dc -> 
  custom:container-muxer-webm: aa71ff27fc2769a1b78a27578f13a17b -> 
  custom:container-demuxer-webm: 4f35f7cbe854078d1ac9338744f61a02 -> 
  custom:container-demuxer-ogg: 62fdf1f143b41e24485cea50d1cbac27 -> 
  custom:video-encoder-webm-vp8: eb34c28f22e8b96e1ab97ce403110664 -> 
  custom:video-codec-MediaFoundation-h265: 746d11721c4dcdbdad8f713fa42b33f4 -> 
  custom:video-decoder-webm-vp8: 9c59270c3fd7afecdb556c50c9e8de78 -> 
  custom:graphics/normal-map-encoding: 01000000000000000000000000000000 -> 02000000000000000000000000000000
  custom:audio-decoder-ogg-vorbis: bf7c407c2cedff20999df2af8eb42d56 -> 
  custom:audio-encoder-webm-vorbis: bf7c407c2cedff20999df2af8eb42d56 -> 
========================================================================
Received Import Request.
  Time since last request: 83.363841 seconds.
  path: Assets/Prefabs/Enemy Tank.prefab
  artifactKey: Guid(e662fcb8a6a10954cad654d1848784cb) Importer(815301076,1909f56bfc062723c751e8b465ee728b)
Start importing Assets/Prefabs/Enemy Tank.prefab using Guid(e662fcb8a6a10954cad654d1848784cb) Importer(815301076,1909f56bfc062723c751e8b465ee728b)  -> (artifact id: 'a26bc7c437bd68d0461f581ab53e470d') in 0.102556 seconds 
========================================================================
Received Import Request.
  Time since last request: 7.464699 seconds.
  path: Assets/Prefabs/Enemy Tank.prefab
  artifactKey: Guid(e662fcb8a6a10954cad654d1848784cb) Importer(815301076,1909f56bfc062723c751e8b465ee728b)
Start importing Assets/Prefabs/Enemy Tank.prefab using Guid(e662fcb8a6a10954cad654d1848784cb) Importer(815301076,1909f56bfc062723c751e8b465ee728b)  -> (artifact id: '389afe7326f298f7af75346674bf34ba') in 0.020505 seconds 
========================================================================
Received Import Request.
  Time since last request: 31.483900 seconds.
  path: Assets/Prefabs/Enemy Tank.prefab
  artifactKey: Guid(e662fcb8a6a10954cad654d1848784cb) Importer(815301076,1909f56bfc062723c751e8b465ee728b)
Start importing Assets/Prefabs/Enemy Tank.prefab using Guid(e662fcb8a6a10954cad654d1848784cb) Importer(815301076,1909f56bfc062723c751e8b465ee728b)  -> (artifact id: '37121aeef88403b4b58c0c264fb7017a') in 0.018715 seconds 
========================================================================
Received Import Request.
  Time since last request: 8.223946 seconds.
  path: Assets/Prefabs/Enemy Tank.prefab
  artifactKey: Guid(e662fcb8a6a10954cad654d1848784cb) Importer(815301076,1909f56bfc062723c751e8b465ee728b)
Start importing Assets/Prefabs/Enemy Tank.prefab using Guid(e662fcb8a6a10954cad654d1848784cb) Importer(815301076,1909f56bfc062723c751e8b465ee728b)  -> (artifact id: '1ea2730108dc236960f64b015b670bc8') in 0.019831 seconds 
========================================================================
Received Import Request.
  Time since last request: 13.905328 seconds.
  path: Assets/Prefabs/Enemy Tank.prefab
  artifactKey: Guid(e662fcb8a6a10954cad654d1848784cb) Importer(815301076,1909f56bfc062723c751e8b465ee728b)
Start importing Assets/Prefabs/Enemy Tank.prefab using Guid(e662fcb8a6a10954cad654d1848784cb) Importer(815301076,1909f56bfc062723c751e8b465ee728b)  -> (artifact id: '8496d9683884c089fa7cef0cf65a14c0') in 0.017763 seconds 
========================================================================
Received Import Request.
  Time since last request: 43.334691 seconds.
  path: Assets/Prefabs/Enemy Tank.prefab
  artifactKey: Guid(e662fcb8a6a10954cad654d1848784cb) Importer(815301076,1909f56bfc062723c751e8b465ee728b)
Start importing Assets/Prefabs/Enemy Tank.prefab using Guid(e662fcb8a6a10954cad654d1848784cb) Importer(815301076,1909f56bfc062723c751e8b465ee728b)  -> (artifact id: 'c3e4d38cd22eae2bc435c7fd4dab184a') in 0.015051 seconds 
========================================================================
Received Import Request.
  Time since last request: 17.401372 seconds.
  path: Assets/Prefabs/Enemy Tank.prefab
  artifactKey: Guid(e662fcb8a6a10954cad654d1848784cb) Importer(815301076,1909f56bfc062723c751e8b465ee728b)
Start importing Assets/Prefabs/Enemy Tank.prefab using Guid(e662fcb8a6a10954cad654d1848784cb) Importer(815301076,1909f56bfc062723c751e8b465ee728b)  -> (artifact id: '00cf6f84468347320f8f66bc31a7a384') in 0.019715 seconds 
========================================================================
Received Import Request.
  Time since last request: 29.192347 seconds.
  path: Assets/Prefabs/Enemy Tank.prefab
  artifactKey: Guid(e662fcb8a6a10954cad654d1848784cb) Importer(815301076,1909f56bfc062723c751e8b465ee728b)
Start importing Assets/Prefabs/Enemy Tank.prefab using Guid(e662fcb8a6a10954cad654d1848784cb) Importer(815301076,1909f56bfc062723c751e8b465ee728b)  -> (artifact id: '709786b78f704ded9bcbc2b7e83ea10e') in 0.014458 seconds 
========================================================================
Received Import Request.
  Time since last request: 3.877019 seconds.
  path: Assets/Prefabs/Enemy Tank.prefab
  artifactKey: Guid(e662fcb8a6a10954cad654d1848784cb) Importer(815301076,1909f56bfc062723c751e8b465ee728b)
Start importing Assets/Prefabs/Enemy Tank.prefab using Guid(e662fcb8a6a10954cad654d1848784cb) Importer(815301076,1909f56bfc062723c751e8b465ee728b)  -> (artifact id: '7bc7bae2fa1144e473cdf729656b69cd') in 0.018081 seconds 
========================================================================
Received Import Request.
  Time since last request: 4.700515 seconds.
  path: Assets/Prefabs/Enemy Tank.prefab
  artifactKey: Guid(e662fcb8a6a10954cad654d1848784cb) Importer(815301076,1909f56bfc062723c751e8b465ee728b)
Start importing Assets/Prefabs/Enemy Tank.prefab using Guid(e662fcb8a6a10954cad654d1848784cb) Importer(815301076,1909f56bfc062723c751e8b465ee728b)  -> (artifact id: 'e04e38a10cc29d2c2b1b9e60e871999a') in 0.019530 seconds 
========================================================================
Received Import Request.
  Time since last request: 5.610271 seconds.
  path: Assets/Prefabs/Enemy Tank.prefab
  artifactKey: Guid(e662fcb8a6a10954cad654d1848784cb) Importer(815301076,1909f56bfc062723c751e8b465ee728b)
Start importing Assets/Prefabs/Enemy Tank.prefab using Guid(e662fcb8a6a10954cad654d1848784cb) Importer(815301076,1909f56bfc062723c751e8b465ee728b)  -> (artifact id: 'fb571520413da27236aa2adf5fbd9e38') in 0.015946 seconds 
========================================================================
Received Prepare
Registering precompiled user dll's ...
Registered in 0.002661 seconds.
Begin MonoManager ReloadAssembly
Symbol file LoadedFromMemory doesn't match image D:\Outscal\OUTSCAL MAIN\Unity and C# Coding and GIT - Outscal\Battle_Tank_Game\Library\PackageCache\com.unity.collab-proxy@1.15.15\Lib\Editor\PlasticSCM\unityplastic.dll
Native extension for WindowsStandalone target not found
Native extension for WebGL target not found
Refreshing native plugins compatible for Editor in 1.04 ms, found 2 plugins.
Preloading 0 native plugins for Editor in 0.00 ms.
Mono: successfully reloaded assembly
- Completed reload, in  0.773 seconds
Domain Reload Profiling:
	ReloadAssembly (774ms)
		BeginReloadAssembly (122ms)
			ExecutionOrderSort (0ms)
			DisableScriptedObjects (5ms)
			BackupInstance (0ms)
			ReleaseScriptingObjects (0ms)
			CreateAndSetChildDomain (50ms)
		EndReloadAssembly (605ms)
			LoadAssemblies (81ms)
			RebuildTransferFunctionScriptingTraits (0ms)
			SetupTypeCache (179ms)
			ReleaseScriptCaches (1ms)
			RebuildScriptCaches (27ms)
			SetupLoadedEditorAssemblies (261ms)
				LogAssemblyErrors (0ms)
				InitializePlatformSupportModulesInManaged (4ms)
				SetLoadedEditorAssemblies (0ms)
				RefreshPlugins (1ms)
				BeforeProcessingInitializeOnLoad (63ms)
				ProcessInitializeOnLoadAttributes (145ms)
				ProcessInitializeOnLoadMethodAttributes (45ms)
				AfterProcessingInitializeOnLoad (3ms)
				EditorAssembliesLoaded (0ms)
			ExecutionOrderSort2 (0ms)
			AwakeInstancesAfterBackupRestoration (5ms)
Platform modules already initialized, skipping
Switching build target platform(19) subTarget(0) extendedPlatform(0) -> platform(13) subTarget(589824) extendedPlatform(0)
Refreshing native plugins compatible for Editor in 0.78 ms, found 2 plugins.
Preloading 0 native plugins for Editor in 0.00 ms.
Unloading 2257 Unused Serialized files (Serialized files now loaded: 0)
System memory in use before: 96.7 MB.
System memory in use after: 96.9 MB.

Unloading 46 unused Assets to reduce memory usage. Loaded Objects now: 2719.
Total: 5.981800 ms (FindLiveObjects: 0.197500 ms CreateObjectMapping: 0.063400 ms MarkObjects: 5.688500 ms  DeleteObjects: 0.031500 ms)

AssetImportParameters requested are different than current active one (requested -> active):
  custom:framework-win-MediaFoundation: 216162199b28c13a410421893ffa2e32 -> 
  custom:video-decoder-ogg-theora: a1e56fd34408186e4bbccfd4996cb3dc -> 
  custom:container-muxer-webm: aa71ff27fc2769a1b78a27578f13a17b -> 
  custom:container-demuxer-webm: 4f35f7cbe854078d1ac9338744f61a02 -> 
  custom:container-demuxer-ogg: 62fdf1f143b41e24485cea50d1cbac27 -> 
  custom:video-encoder-webm-vp8: eb34c28f22e8b96e1ab97ce403110664 -> 
  custom:video-codec-MediaFoundation-h265: 746d11721c4dcdbdad8f713fa42b33f4 -> 
  custom:video-decoder-webm-vp8: 9c59270c3fd7afecdb556c50c9e8de78 -> 
  custom:graphics/normal-map-encoding: 01000000000000000000000000000000 -> 02000000000000000000000000000000
  custom:audio-decoder-ogg-vorbis: bf7c407c2cedff20999df2af8eb42d56 -> 
  custom:audio-encoder-webm-vorbis: bf7c407c2cedff20999df2af8eb42d56 -> 
========================================================================
Received Import Request.
  Time since last request: 124.824135 seconds.
  path: Assets/Prefabs/Enemy Tank.prefab
  artifactKey: Guid(e662fcb8a6a10954cad654d1848784cb) Importer(815301076,1909f56bfc062723c751e8b465ee728b)
Start importing Assets/Prefabs/Enemy Tank.prefab using Guid(e662fcb8a6a10954cad654d1848784cb) Importer(815301076,1909f56bfc062723c751e8b465ee728b)  -> (artifact id: 'c395ef11135b56cd501c0f73257de43c') in 0.064905 seconds 
========================================================================
Received Import Request.
  Time since last request: 2.711865 seconds.
  path: Assets/Prefabs/Enemy Tank.prefab
  artifactKey: Guid(e662fcb8a6a10954cad654d1848784cb) Importer(815301076,1909f56bfc062723c751e8b465ee728b)
Start importing Assets/Prefabs/Enemy Tank.prefab using Guid(e662fcb8a6a10954cad654d1848784cb) Importer(815301076,1909f56bfc062723c751e8b465ee728b)  -> (artifact id: '3ff7064cead80d0d597f5e30df82c9b8') in 0.015871 seconds 
========================================================================
Received Import Request.
  Time since last request: 2.202537 seconds.
  path: Assets/Prefabs/Enemy Tank.prefab
  artifactKey: Guid(e662fcb8a6a10954cad654d1848784cb) Importer(815301076,1909f56bfc062723c751e8b465ee728b)
Start importing Assets/Prefabs/Enemy Tank.prefab using Guid(e662fcb8a6a10954cad654d1848784cb) Importer(815301076,1909f56bfc062723c751e8b465ee728b)  -> (artifact id: '897a38939d5d265be6a007539aa07910') in 0.016966 seconds 
========================================================================
Received Prepare
Registering precompiled user dll's ...
Registered in 0.003282 seconds.
Begin MonoManager ReloadAssembly
Symbol file LoadedFromMemory doesn't match image D:\Outscal\OUTSCAL MAIN\Unity and C# Coding and GIT - Outscal\Battle_Tank_Game\Library\PackageCache\com.unity.collab-proxy@1.15.15\Lib\Editor\PlasticSCM\unityplastic.dll
Native extension for WindowsStandalone target not found
Native extension for WebGL target not found
Refreshing native plugins compatible for Editor in 0.77 ms, found 2 plugins.
Preloading 0 native plugins for Editor in 0.00 ms.
Mono: successfully reloaded assembly
- Completed reload, in  0.814 seconds
Domain Reload Profiling:
	ReloadAssembly (815ms)
		BeginReloadAssembly (145ms)
			ExecutionOrderSort (0ms)
			DisableScriptedObjects (5ms)
			BackupInstance (0ms)
			ReleaseScriptingObjects (0ms)
			CreateAndSetChildDomain (67ms)
		EndReloadAssembly (620ms)
			LoadAssemblies (90ms)
			RebuildTransferFunctionScriptingTraits (0ms)
			SetupTypeCache (184ms)
			ReleaseScriptCaches (1ms)
			RebuildScriptCaches (28ms)
			SetupLoadedEditorAssemblies (261ms)
				LogAssemblyErrors (0ms)
				InitializePlatformSupportModulesInManaged (4ms)
				SetLoadedEditorAssemblies (0ms)
				RefreshPlugins (1ms)
				BeforeProcessingInitializeOnLoad (63ms)
				ProcessInitializeOnLoadAttributes (144ms)
				ProcessInitializeOnLoadMethodAttributes (44ms)
				AfterProcessingInitializeOnLoad (4ms)
				EditorAssembliesLoaded (0ms)
			ExecutionOrderSort2 (0ms)
			AwakeInstancesAfterBackupRestoration (5ms)
Platform modules already initialized, skipping
Switching build target platform(19) subTarget(0) extendedPlatform(0) -> platform(13) subTarget(589824) extendedPlatform(0)
Refreshing native plugins compatible for Editor in 0.72 ms, found 2 plugins.
Preloading 0 native plugins for Editor in 0.00 ms.
Unloading 2257 Unused Serialized files (Serialized files now loaded: 0)
System memory in use before: 96.7 MB.
System memory in use after: 97.0 MB.

Unloading 46 unused Assets to reduce memory usage. Loaded Objects now: 2723.
Total: 4.922300 ms (FindLiveObjects: 0.172600 ms CreateObjectMapping: 0.054900 ms MarkObjects: 4.667500 ms  DeleteObjects: 0.026400 ms)

AssetImportParameters requested are different than current active one (requested -> active):
  custom:framework-win-MediaFoundation: 216162199b28c13a410421893ffa2e32 -> 
  custom:video-decoder-ogg-theora: a1e56fd34408186e4bbccfd4996cb3dc -> 
  custom:container-muxer-webm: aa71ff27fc2769a1b78a27578f13a17b -> 
  custom:container-demuxer-webm: 4f35f7cbe854078d1ac9338744f61a02 -> 
  custom:container-demuxer-ogg: 62fdf1f143b41e24485cea50d1cbac27 -> 
  custom:video-encoder-webm-vp8: eb34c28f22e8b96e1ab97ce403110664 -> 
  custom:video-codec-MediaFoundation-h265: 746d11721c4dcdbdad8f713fa42b33f4 -> 
  custom:video-decoder-webm-vp8: 9c59270c3fd7afecdb556c50c9e8de78 -> 
  custom:graphics/normal-map-encoding: 01000000000000000000000000000000 -> 02000000000000000000000000000000
  custom:audio-decoder-ogg-vorbis: bf7c407c2cedff20999df2af8eb42d56 -> 
  custom:audio-encoder-webm-vorbis: bf7c407c2cedff20999df2af8eb42d56 -> 
========================================================================
Received Prepare
Registering precompiled user dll's ...
Registered in 0.001967 seconds.
Begin MonoManager ReloadAssembly
Symbol file LoadedFromMemory doesn't match image D:\Outscal\OUTSCAL MAIN\Unity and C# Coding and GIT - Outscal\Battle_Tank_Game\Library\PackageCache\com.unity.collab-proxy@1.15.15\Lib\Editor\PlasticSCM\unityplastic.dll
Native extension for WindowsStandalone target not found
Native extension for WebGL target not found
Refreshing native plugins compatible for Editor in 0.72 ms, found 2 plugins.
Preloading 0 native plugins for Editor in 0.00 ms.
Mono: successfully reloaded assembly
- Completed reload, in  0.756 seconds
Domain Reload Profiling:
	ReloadAssembly (756ms)
		BeginReloadAssembly (97ms)
			ExecutionOrderSort (0ms)
			DisableScriptedObjects (4ms)
			BackupInstance (0ms)
			ReleaseScriptingObjects (0ms)
			CreateAndSetChildDomain (34ms)
		EndReloadAssembly (608ms)
			LoadAssemblies (73ms)
			RebuildTransferFunctionScriptingTraits (0ms)
			SetupTypeCache (187ms)
			ReleaseScriptCaches (1ms)
			RebuildScriptCaches (27ms)
			SetupLoadedEditorAssemblies (249ms)
				LogAssemblyErrors (0ms)
				InitializePlatformSupportModulesInManaged (4ms)
				SetLoadedEditorAssemblies (0ms)
				RefreshPlugins (1ms)
				BeforeProcessingInitializeOnLoad (61ms)
				ProcessInitializeOnLoadAttributes (136ms)
				ProcessInitializeOnLoadMethodAttributes (43ms)
				AfterProcessingInitializeOnLoad (4ms)
				EditorAssembliesLoaded (0ms)
			ExecutionOrderSort2 (0ms)
			AwakeInstancesAfterBackupRestoration (5ms)
Platform modules already initialized, skipping
Switching build target platform(19) subTarget(0) extendedPlatform(0) -> platform(13) subTarget(589824) extendedPlatform(0)
Refreshing native plugins compatible for Editor in 0.70 ms, found 2 plugins.
Preloading 0 native plugins for Editor in 0.00 ms.
Unloading 2257 Unused Serialized files (Serialized files now loaded: 0)
System memory in use before: 96.7 MB.
System memory in use after: 97.0 MB.

Unloading 46 unused Assets to reduce memory usage. Loaded Objects now: 2726.
Total: 5.170700 ms (FindLiveObjects: 0.185500 ms CreateObjectMapping: 0.063000 ms MarkObjects: 4.890700 ms  DeleteObjects: 0.030400 ms)

AssetImportParameters requested are different than current active one (requested -> active):
  custom:framework-win-MediaFoundation: 216162199b28c13a410421893ffa2e32 -> 
  custom:video-decoder-ogg-theora: a1e56fd34408186e4bbccfd4996cb3dc -> 
  custom:container-muxer-webm: aa71ff27fc2769a1b78a27578f13a17b -> 
  custom:container-demuxer-webm: 4f35f7cbe854078d1ac9338744f61a02 -> 
  custom:container-demuxer-ogg: 62fdf1f143b41e24485cea50d1cbac27 -> 
  custom:video-encoder-webm-vp8: eb34c28f22e8b96e1ab97ce403110664 -> 
  custom:video-codec-MediaFoundation-h265: 746d11721c4dcdbdad8f713fa42b33f4 -> 
  custom:video-decoder-webm-vp8: 9c59270c3fd7afecdb556c50c9e8de78 -> 
  custom:graphics/normal-map-encoding: 01000000000000000000000000000000 -> 02000000000000000000000000000000
  custom:audio-decoder-ogg-vorbis: bf7c407c2cedff20999df2af8eb42d56 -> 
  custom:audio-encoder-webm-vorbis: bf7c407c2cedff20999df2af8eb42d56 -> 
========================================================================
Received Prepare
Registering precompiled user dll's ...
Registered in 0.002689 seconds.
Begin MonoManager ReloadAssembly
Symbol file LoadedFromMemory doesn't match image D:\Outscal\OUTSCAL MAIN\Unity and C# Coding and GIT - Outscal\Battle_Tank_Game\Library\PackageCache\com.unity.collab-proxy@1.15.15\Lib\Editor\PlasticSCM\unityplastic.dll
Native extension for WindowsStandalone target not found
Native extension for WebGL target not found
Refreshing native plugins compatible for Editor in 0.68 ms, found 2 plugins.
Preloading 0 native plugins for Editor in 0.00 ms.
Mono: successfully reloaded assembly
- Completed reload, in  0.722 seconds
Domain Reload Profiling:
	ReloadAssembly (723ms)
		BeginReloadAssembly (89ms)
			ExecutionOrderSort (0ms)
			DisableScriptedObjects (4ms)
			BackupInstance (0ms)
			ReleaseScriptingObjects (0ms)
			CreateAndSetChildDomain (30ms)
		EndReloadAssembly (592ms)
			LoadAssemblies (68ms)
			RebuildTransferFunctionScriptingTraits (0ms)
			SetupTypeCache (173ms)
			ReleaseScriptCaches (1ms)
			RebuildScriptCaches (26ms)
			SetupLoadedEditorAssemblies (250ms)
				LogAssemblyErrors (0ms)
				InitializePlatformSupportModulesInManaged (4ms)
				SetLoadedEditorAssemblies (0ms)
				RefreshPlugins (1ms)
				BeforeProcessingInitializeOnLoad (61ms)
				ProcessInitializeOnLoadAttributes (137ms)
				ProcessInitializeOnLoadMethodAttributes (43ms)
				AfterProcessingInitializeOnLoad (3ms)
				EditorAssembliesLoaded (0ms)
			ExecutionOrderSort2 (0ms)
			AwakeInstancesAfterBackupRestoration (5ms)
Platform modules already initialized, skipping
Switching build target platform(19) subTarget(0) extendedPlatform(0) -> platform(13) subTarget(589824) extendedPlatform(0)
Refreshing native plugins compatible for Editor in 0.70 ms, found 2 plugins.
Preloading 0 native plugins for Editor in 0.00 ms.
Unloading 2257 Unused Serialized files (Serialized files now loaded: 0)
System memory in use before: 96.7 MB.
System memory in use after: 96.9 MB.

Unloading 46 unused Assets to reduce memory usage. Loaded Objects now: 2729.
Total: 6.724800 ms (FindLiveObjects: 0.283000 ms CreateObjectMapping: 0.115200 ms MarkObjects: 6.262800 ms  DeleteObjects: 0.062400 ms)

AssetImportParameters requested are different than current active one (requested -> active):
  custom:framework-win-MediaFoundation: 216162199b28c13a410421893ffa2e32 -> 
  custom:video-decoder-ogg-theora: a1e56fd34408186e4bbccfd4996cb3dc -> 
  custom:container-muxer-webm: aa71ff27fc2769a1b78a27578f13a17b -> 
  custom:container-demuxer-webm: 4f35f7cbe854078d1ac9338744f61a02 -> 
  custom:container-demuxer-ogg: 62fdf1f143b41e24485cea50d1cbac27 -> 
  custom:video-encoder-webm-vp8: eb34c28f22e8b96e1ab97ce403110664 -> 
  custom:video-codec-MediaFoundation-h265: 746d11721c4dcdbdad8f713fa42b33f4 -> 
  custom:video-decoder-webm-vp8: 9c59270c3fd7afecdb556c50c9e8de78 -> 
  custom:graphics/normal-map-encoding: 01000000000000000000000000000000 -> 02000000000000000000000000000000
  custom:audio-decoder-ogg-vorbis: bf7c407c2cedff20999df2af8eb42d56 -> 
  custom:audio-encoder-webm-vorbis: bf7c407c2cedff20999df2af8eb42d56 -> 
========================================================================
Received Import Request.
  Time since last request: 195.819299 seconds.
  path: Assets/Prefabs/Enemy Tank.prefab
  artifactKey: Guid(e662fcb8a6a10954cad654d1848784cb) Importer(815301076,1909f56bfc062723c751e8b465ee728b)
Start importing Assets/Prefabs/Enemy Tank.prefab using Guid(e662fcb8a6a10954cad654d1848784cb) Importer(815301076,1909f56bfc062723c751e8b465ee728b)  -> (artifact id: 'e98be6a5b022f68828a065e4f6217ebd') in 0.071416 seconds 
========================================================================
Received Import Request.
  Time since last request: 14.360244 seconds.
  path: Assets/Prefabs/Enemy Tank.prefab
  artifactKey: Guid(e662fcb8a6a10954cad654d1848784cb) Importer(815301076,1909f56bfc062723c751e8b465ee728b)
Start importing Assets/Prefabs/Enemy Tank.prefab using Guid(e662fcb8a6a10954cad654d1848784cb) Importer(815301076,1909f56bfc062723c751e8b465ee728b)  -> (artifact id: '4e5fa3747505c7984b001dc46c1ad7a0') in 0.017387 seconds 
========================================================================
Received Import Request.
  Time since last request: 9.714025 seconds.
  path: Assets/Prefabs/Enemy Tank.prefab
  artifactKey: Guid(e662fcb8a6a10954cad654d1848784cb) Importer(815301076,1909f56bfc062723c751e8b465ee728b)
Start importing Assets/Prefabs/Enemy Tank.prefab using Guid(e662fcb8a6a10954cad654d1848784cb) Importer(815301076,1909f56bfc062723c751e8b465ee728b)  -> (artifact id: '0887773dfa8389a4abdb0bae9d87e4a9') in 0.017094 seconds 
========================================================================
Received Prepare
Registering precompiled user dll's ...
Registered in 0.002587 seconds.
Begin MonoManager ReloadAssembly
Symbol file LoadedFromMemory doesn't match image D:\Outscal\OUTSCAL MAIN\Unity and C# Coding and GIT - Outscal\Battle_Tank_Game\Library\PackageCache\com.unity.collab-proxy@1.15.15\Lib\Editor\PlasticSCM\unityplastic.dll
Native extension for WindowsStandalone target not found
Native extension for WebGL target not found
Refreshing native plugins compatible for Editor in 0.93 ms, found 2 plugins.
Preloading 0 native plugins for Editor in 0.00 ms.
Mono: successfully reloaded assembly
- Completed reload, in  0.750 seconds
Domain Reload Profiling:
	ReloadAssembly (750ms)
		BeginReloadAssembly (93ms)
			ExecutionOrderSort (0ms)
			DisableScriptedObjects (4ms)
			BackupInstance (0ms)
			ReleaseScriptingObjects (0ms)
			CreateAndSetChildDomain (33ms)
		EndReloadAssembly (615ms)
			LoadAssemblies (70ms)
			RebuildTransferFunctionScriptingTraits (0ms)
			SetupTypeCache (183ms)
			ReleaseScriptCaches (1ms)
			RebuildScriptCaches (28ms)
			SetupLoadedEditorAssemblies (254ms)
				LogAssemblyErrors (0ms)
				InitializePlatformSupportModulesInManaged (5ms)
				SetLoadedEditorAssemblies (0ms)
				RefreshPlugins (1ms)
				BeforeProcessingInitializeOnLoad (62ms)
				ProcessInitializeOnLoadAttributes (137ms)
				ProcessInitializeOnLoadMethodAttributes (45ms)
				AfterProcessingInitializeOnLoad (4ms)
				EditorAssembliesLoaded (0ms)
			ExecutionOrderSort2 (0ms)
			AwakeInstancesAfterBackupRestoration (5ms)
Platform modules already initialized, skipping
Switching build target platform(19) subTarget(0) extendedPlatform(0) -> platform(13) subTarget(589824) extendedPlatform(0)
Refreshing native plugins compatible for Editor in 0.79 ms, found 2 plugins.
Preloading 0 native plugins for Editor in 0.00 ms.
Unloading 2257 Unused Serialized files (Serialized files now loaded: 0)
System memory in use before: 96.8 MB.
System memory in use after: 97.0 MB.

Unloading 46 unused Assets to reduce memory usage. Loaded Objects now: 2733.
Total: 5.076500 ms (FindLiveObjects: 0.256700 ms CreateObjectMapping: 0.086600 ms MarkObjects: 4.704900 ms  DeleteObjects: 0.027300 ms)

AssetImportParameters requested are different than current active one (requested -> active):
  custom:framework-win-MediaFoundation: 216162199b28c13a410421893ffa2e32 -> 
  custom:video-decoder-ogg-theora: a1e56fd34408186e4bbccfd4996cb3dc -> 
  custom:container-muxer-webm: aa71ff27fc2769a1b78a27578f13a17b -> 
  custom:container-demuxer-webm: 4f35f7cbe854078d1ac9338744f61a02 -> 
  custom:container-demuxer-ogg: 62fdf1f143b41e24485cea50d1cbac27 -> 
  custom:video-encoder-webm-vp8: eb34c28f22e8b96e1ab97ce403110664 -> 
  custom:video-codec-MediaFoundation-h265: 746d11721c4dcdbdad8f713fa42b33f4 -> 
  custom:video-decoder-webm-vp8: 9c59270c3fd7afecdb556c50c9e8de78 -> 
  custom:graphics/normal-map-encoding: 01000000000000000000000000000000 -> 02000000000000000000000000000000
  custom:audio-decoder-ogg-vorbis: bf7c407c2cedff20999df2af8eb42d56 -> 
  custom:audio-encoder-webm-vorbis: bf7c407c2cedff20999df2af8eb42d56 -> 
